<?xml version="1.0" encoding="UTF-8"?>
<testsuites>
	<testsuite tests="2" errors="0" failures="0" time="0.005" timestamp="2015-09-08T13:37:11">
		<testcase classname="isBetween" name="#isBetween should return true if the number is between the two numbers" time="0.002">
		</testcase>
		<testcase classname="isBetween" name="#isBetween should return false if the number is not between the two numbers" time="0">
		</testcase>
	</testsuite>
</testsuites>

